INFO:     Will watch for changes in these directories: ['/app']
INFO:     Uvicorn running on http://0.0.0.0:8000 (Press CTRL+C to quit)
INFO:     Started reloader process [14755] using StatReload
INFO:     Started server process [14779]
INFO:     Waiting for application startup.
INFO:     Application startup complete.
WARNING:  StatReload detected changes in 'backend/scripts/ingest_sec.py'. Reloading...
INFO:     Shutting down
INFO:     Waiting for application shutdown.
INFO:     Application shutdown complete.
INFO:     Finished server process [14779]
INFO:     Started server process [17860]
INFO:     Waiting for application startup.
INFO:     Application startup complete.
WARNING:  StatReload detected changes in 'backend/app/models/base.py'. Reloading...
INFO:     Shutting down
INFO:     Waiting for application shutdown.
INFO:     Application shutdown complete.
INFO:     Finished server process [17860]
INFO:     Started server process [18066]
INFO:     Waiting for application startup.
INFO:     Application startup complete.
WARNING:  StatReload detected changes in 'backend/app/models/base.py'. Reloading...
INFO:     Shutting down
INFO:     Waiting for application shutdown.
INFO:     Application shutdown complete.
INFO:     Finished server process [18066]
INFO:     Started server process [18093]
INFO:     Waiting for application startup.
INFO:     Application startup complete.
WARNING:  StatReload detected changes in 'backend/app/services/scoring.py'. Reloading...
INFO:     Shutting down
INFO:     Waiting for application shutdown.
INFO:     Application shutdown complete.
INFO:     Finished server process [18093]
INFO:     Started server process [18121]
INFO:     Waiting for application startup.
INFO:     Application startup complete.
WARNING:  StatReload detected changes in 'backend/app/schemas/insider.py'. Reloading...
INFO:     Shutting down
INFO:     Waiting for application shutdown.
INFO:     Application shutdown complete.
INFO:     Finished server process [18121]
INFO:     Started server process [18148]
INFO:     Waiting for application startup.
INFO:     Application startup complete.
INFO:     127.0.0.1:40998 - "GET /api/leaderboard HTTP/1.1" 401 Unauthorized
INFO:     127.0.0.1:33558 - "GET /api/leaderboard HTTP/1.1" 401 Unauthorized
INFO:     127.0.0.1:51548 - "GET /api/leaderboard HTTP/1.1" 401 Unauthorized
WARNING:  StatReload detected changes in 'backend/app/api/insider.py'. Reloading...
INFO:     Shutting down
INFO:     Waiting for application shutdown.
INFO:     Application shutdown complete.
INFO:     Finished server process [18148]
INFO:     Started server process [20743]
INFO:     Waiting for application startup.
INFO:     Application startup complete.
INFO:     127.0.0.1:42144 - "GET /api/leaderboard HTTP/1.1" 200 OK
WARNING:  StatReload detected changes in 'backend/app/api/insider.py'. Reloading...
INFO:     Shutting down
INFO:     Waiting for application shutdown.
INFO:     Application shutdown complete.
INFO:     Finished server process [20743]
INFO:     Started server process [27038]
INFO:     Waiting for application startup.
INFO:     Application startup complete.
WARNING:  StatReload detected changes in 'backend/app/models/base.py'. Reloading...
INFO:     Shutting down
INFO:     Waiting for application shutdown.
INFO:     Application shutdown complete.
INFO:     Finished server process [27038]
INFO:     Started server process [27160]
INFO:     Waiting for application startup.
INFO:     Application startup complete.
WARNING:  StatReload detected changes in 'backend/app/services/scoring.py'. Reloading...
INFO:     Shutting down
INFO:     Waiting for application shutdown.
INFO:     Application shutdown complete.
INFO:     Finished server process [27160]
INFO:     Started server process [27188]
INFO:     Waiting for application startup.
INFO:     Application startup complete.
WARNING:  StatReload detected changes in 'backend/app/schemas/insider.py'. Reloading...
INFO:     Shutting down
INFO:     Waiting for application shutdown.
INFO:     Application shutdown complete.
INFO:     Finished server process [27188]
INFO:     Started server process [27215]
INFO:     Waiting for application startup.
INFO:     Application startup complete.
INFO:     127.0.0.1:33090 - "GET /api/leaderboard HTTP/1.1" 401 Unauthorized
INFO:     127.0.0.1:55290 - "GET /api/leaderboard HTTP/1.1" 401 Unauthorized
WARNING:  StatReload detected changes in 'backend/scripts/seed_data.py'. Reloading...
INFO:     Shutting down
INFO:     Waiting for application shutdown.
INFO:     Application shutdown complete.
INFO:     Finished server process [27215]
INFO:     Started server process [29622]
INFO:     Waiting for application startup.
INFO:     Application startup complete.
WARNING:  StatReload detected changes in 'backend/app/api/insider.py'. Reloading...
INFO:     Shutting down
INFO:     Waiting for application shutdown.
INFO:     Application shutdown complete.
INFO:     Finished server process [29622]
INFO:     Started server process [29837]
INFO:     Waiting for application startup.
INFO:     Application startup complete.
INFO:     127.0.0.1:50150 - "GET /api/leaderboard HTTP/1.1" 200 OK
INFO:     127.0.0.1:47800 - "GET /api/leaderboard HTTP/1.1" 200 OK
WARNING:  StatReload detected changes in 'backend/app/api/insider.py'. Reloading...
INFO:     Shutting down
INFO:     Waiting for application shutdown.
INFO:     Application shutdown complete.
INFO:     Finished server process [29837]
INFO:     Started server process [35113]
INFO:     Waiting for application startup.
INFO:     Application startup complete.
